[5_3_2021_11:49:26] {INFO} DATABASEMANAGER - Current db version: 0
[5_3_2021_11:49:27] {SEVERE} DATABASEMANAGER - java.sql.SQLSyntaxErrorException: Invalid default value for 'date'
	at com.mysql.cj.jdbc.exceptions.SQLError.createSQLException(SQLError.java:120)
	at com.mysql.cj.jdbc.exceptions.SQLError.createSQLException(SQLError.java:97)
	at com.mysql.cj.jdbc.exceptions.SQLExceptionsMapping.translateException(SQLExceptionsMapping.java:122)
	at com.mysql.cj.jdbc.StatementImpl.executeInternal(StatementImpl.java:764)
	at com.mysql.cj.jdbc.StatementImpl.execute(StatementImpl.java:648)
	at org.telegram.database.ConectionDB.executeQuery(ConectionDB.java:58)
	at org.telegram.database.DatabaseManager.createNewTables(DatabaseManager.java:150)
	at org.telegram.database.DatabaseManager.recreateTable(DatabaseManager.java:72)
	at org.telegram.database.DatabaseManager.<init>(DatabaseManager.java:41)
	at org.telegram.database.DatabaseManager.getInstance(DatabaseManager.java:55)
	at org.telegram.Main.main(Main.java:31)
[5_3_2021_11:49:27] {WARNING} TIMEREXECUTOR - Posting new taskFirst day alert
[5_3_2021_11:49:27] {WARNING} TIMEREXECUTOR - Posting new taskSecond day alert
[8_3_2021_9:42:55] {INFO} DATABASEMANAGER - Current db version: 0
[8_3_2021_9:42:55] {SEVERE} DATABASEMANAGER - java.sql.SQLSyntaxErrorException: Invalid default value for 'date'
	at com.mysql.cj.jdbc.exceptions.SQLError.createSQLException(SQLError.java:120)
	at com.mysql.cj.jdbc.exceptions.SQLError.createSQLException(SQLError.java:97)
	at com.mysql.cj.jdbc.exceptions.SQLExceptionsMapping.translateException(SQLExceptionsMapping.java:122)
	at com.mysql.cj.jdbc.StatementImpl.executeInternal(StatementImpl.java:764)
	at com.mysql.cj.jdbc.StatementImpl.execute(StatementImpl.java:648)
	at org.telegram.database.ConectionDB.executeQuery(ConectionDB.java:58)
	at org.telegram.database.DatabaseManager.createNewTables(DatabaseManager.java:150)
	at org.telegram.database.DatabaseManager.recreateTable(DatabaseManager.java:72)
	at org.telegram.database.DatabaseManager.<init>(DatabaseManager.java:41)
	at org.telegram.database.DatabaseManager.getInstance(DatabaseManager.java:55)
	at org.telegram.Main.main(Main.java:31)
[8_3_2021_9:42:56] {WARNING} TIMEREXECUTOR - Posting new taskFirst day alert
[8_3_2021_9:42:56] {WARNING} TIMEREXECUTOR - Posting new taskSecond day alert
[8_3_2021_9:47:38] {SEVERE} BOTSESSION - org.telegram.telegrambots.meta.exceptions.TelegramApiRequestException: Error getting updates: [409] Conflict: terminated by other getUpdates request; make sure that only one bot instance is running
	at org.telegram.telegrambots.meta.api.methods.updates.GetUpdates.deserializeResponse(GetUpdates.java:119)
	at org.telegram.telegrambots.updatesreceivers.DefaultBotSession$ReaderThread.getUpdatesFromServer(DefaultBotSession.java:256)
	at org.telegram.telegrambots.updatesreceivers.DefaultBotSession$ReaderThread.run(DefaultBotSession.java:185)
[8_3_2021_9:47:43] {SEVERE} BOTSESSION - org.telegram.telegrambots.meta.exceptions.TelegramApiRequestException: Error getting updates: [409] Conflict: terminated by other getUpdates request; make sure that only one bot instance is running
	at org.telegram.telegrambots.meta.api.methods.updates.GetUpdates.deserializeResponse(GetUpdates.java:119)
	at org.telegram.telegrambots.updatesreceivers.DefaultBotSession$ReaderThread.getUpdatesFromServer(DefaultBotSession.java:256)
	at org.telegram.telegrambots.updatesreceivers.DefaultBotSession$ReaderThread.run(DefaultBotSession.java:185)
[8_3_2021_9:47:47] {SEVERE} BOTSESSION - org.telegram.telegrambots.meta.exceptions.TelegramApiRequestException: Error getting updates: [409] Conflict: terminated by other getUpdates request; make sure that only one bot instance is running
	at org.telegram.telegrambots.meta.api.methods.updates.GetUpdates.deserializeResponse(GetUpdates.java:119)
	at org.telegram.telegrambots.updatesreceivers.DefaultBotSession$ReaderThread.getUpdatesFromServer(DefaultBotSession.java:256)
	at org.telegram.telegrambots.updatesreceivers.DefaultBotSession$ReaderThread.run(DefaultBotSession.java:185)
[8_3_2021_9:47:51] {SEVERE} BOTSESSION - org.telegram.telegrambots.meta.exceptions.TelegramApiRequestException: Error getting updates: [409] Conflict: terminated by other getUpdates request; make sure that only one bot instance is running
	at org.telegram.telegrambots.meta.api.methods.updates.GetUpdates.deserializeResponse(GetUpdates.java:119)
	at org.telegram.telegrambots.updatesreceivers.DefaultBotSession$ReaderThread.getUpdatesFromServer(DefaultBotSession.java:256)
	at org.telegram.telegrambots.updatesreceivers.DefaultBotSession$ReaderThread.run(DefaultBotSession.java:185)
[8_3_2021_9:47:55] {SEVERE} BOTSESSION - org.telegram.telegrambots.meta.exceptions.TelegramApiRequestException: Error getting updates: [409] Conflict: terminated by other getUpdates request; make sure that only one bot instance is running
	at org.telegram.telegrambots.meta.api.methods.updates.GetUpdates.deserializeResponse(GetUpdates.java:119)
	at org.telegram.telegrambots.updatesreceivers.DefaultBotSession$ReaderThread.getUpdatesFromServer(DefaultBotSession.java:256)
	at org.telegram.telegrambots.updatesreceivers.DefaultBotSession$ReaderThread.run(DefaultBotSession.java:185)
[8_3_2021_9:47:59] {SEVERE} BOTSESSION - org.telegram.telegrambots.meta.exceptions.TelegramApiRequestException: Error getting updates: [409] Conflict: terminated by other getUpdates request; make sure that only one bot instance is running
	at org.telegram.telegrambots.meta.api.methods.updates.GetUpdates.deserializeResponse(GetUpdates.java:119)
	at org.telegram.telegrambots.updatesreceivers.DefaultBotSession$ReaderThread.getUpdatesFromServer(DefaultBotSession.java:256)
	at org.telegram.telegrambots.updatesreceivers.DefaultBotSession$ReaderThread.run(DefaultBotSession.java:185)
[8_3_2021_9:48:3] {SEVERE} BOTSESSION - org.telegram.telegrambots.meta.exceptions.TelegramApiRequestException: Error getting updates: [409] Conflict: terminated by other getUpdates request; make sure that only one bot instance is running
	at org.telegram.telegrambots.meta.api.methods.updates.GetUpdates.deserializeResponse(GetUpdates.java:119)
	at org.telegram.telegrambots.updatesreceivers.DefaultBotSession$ReaderThread.getUpdatesFromServer(DefaultBotSession.java:256)
	at org.telegram.telegrambots.updatesreceivers.DefaultBotSession$ReaderThread.run(DefaultBotSession.java:185)
[8_3_2021_9:48:8] {SEVERE} BOTSESSION - org.telegram.telegrambots.meta.exceptions.TelegramApiRequestException: Error getting updates: [409] Conflict: terminated by other getUpdates request; make sure that only one bot instance is running
	at org.telegram.telegrambots.meta.api.methods.updates.GetUpdates.deserializeResponse(GetUpdates.java:119)
	at org.telegram.telegrambots.updatesreceivers.DefaultBotSession$ReaderThread.getUpdatesFromServer(DefaultBotSession.java:256)
	at org.telegram.telegrambots.updatesreceivers.DefaultBotSession$ReaderThread.run(DefaultBotSession.java:185)
[8_3_2021_9:48:12] {SEVERE} BOTSESSION - org.telegram.telegrambots.meta.exceptions.TelegramApiRequestException: Error getting updates: [409] Conflict: terminated by other getUpdates request; make sure that only one bot instance is running
	at org.telegram.telegrambots.meta.api.methods.updates.GetUpdates.deserializeResponse(GetUpdates.java:119)
	at org.telegram.telegrambots.updatesreceivers.DefaultBotSession$ReaderThread.getUpdatesFromServer(DefaultBotSession.java:256)
	at org.telegram.telegrambots.updatesreceivers.DefaultBotSession$ReaderThread.run(DefaultBotSession.java:185)
[8_3_2021_9:48:16] {SEVERE} BOTSESSION - org.telegram.telegrambots.meta.exceptions.TelegramApiRequestException: Error getting updates: [409] Conflict: terminated by other getUpdates request; make sure that only one bot instance is running
	at org.telegram.telegrambots.meta.api.methods.updates.GetUpdates.deserializeResponse(GetUpdates.java:119)
	at org.telegram.telegrambots.updatesreceivers.DefaultBotSession$ReaderThread.getUpdatesFromServer(DefaultBotSession.java:256)
	at org.telegram.telegrambots.updatesreceivers.DefaultBotSession$ReaderThread.run(DefaultBotSession.java:185)
[8_3_2021_9:48:20] {SEVERE} BOTSESSION - org.telegram.telegrambots.meta.exceptions.TelegramApiRequestException: Error getting updates: [409] Conflict: terminated by other getUpdates request; make sure that only one bot instance is running
	at org.telegram.telegrambots.meta.api.methods.updates.GetUpdates.deserializeResponse(GetUpdates.java:119)
	at org.telegram.telegrambots.updatesreceivers.DefaultBotSession$ReaderThread.getUpdatesFromServer(DefaultBotSession.java:256)
	at org.telegram.telegrambots.updatesreceivers.DefaultBotSession$ReaderThread.run(DefaultBotSession.java:185)
[8_3_2021_9:48:24] {SEVERE} BOTSESSION - org.telegram.telegrambots.meta.exceptions.TelegramApiRequestException: Error getting updates: [409] Conflict: terminated by other getUpdates request; make sure that only one bot instance is running
	at org.telegram.telegrambots.meta.api.methods.updates.GetUpdates.deserializeResponse(GetUpdates.java:119)
	at org.telegram.telegrambots.updatesreceivers.DefaultBotSession$ReaderThread.getUpdatesFromServer(DefaultBotSession.java:256)
	at org.telegram.telegrambots.updatesreceivers.DefaultBotSession$ReaderThread.run(DefaultBotSession.java:185)
[8_3_2021_9:48:29] {SEVERE} BOTSESSION - org.telegram.telegrambots.meta.exceptions.TelegramApiRequestException: Error getting updates: [409] Conflict: terminated by other getUpdates request; make sure that only one bot instance is running
	at org.telegram.telegrambots.meta.api.methods.updates.GetUpdates.deserializeResponse(GetUpdates.java:119)
	at org.telegram.telegrambots.updatesreceivers.DefaultBotSession$ReaderThread.getUpdatesFromServer(DefaultBotSession.java:256)
	at org.telegram.telegrambots.updatesreceivers.DefaultBotSession$ReaderThread.run(DefaultBotSession.java:185)
[8_3_2021_9:48:33] {SEVERE} BOTSESSION - org.telegram.telegrambots.meta.exceptions.TelegramApiRequestException: Error getting updates: [409] Conflict: terminated by other getUpdates request; make sure that only one bot instance is running
	at org.telegram.telegrambots.meta.api.methods.updates.GetUpdates.deserializeResponse(GetUpdates.java:119)
	at org.telegram.telegrambots.updatesreceivers.DefaultBotSession$ReaderThread.getUpdatesFromServer(DefaultBotSession.java:256)
	at org.telegram.telegrambots.updatesreceivers.DefaultBotSession$ReaderThread.run(DefaultBotSession.java:185)
[8_3_2021_9:48:37] {SEVERE} BOTSESSION - org.telegram.telegrambots.meta.exceptions.TelegramApiRequestException: Error getting updates: [409] Conflict: terminated by other getUpdates request; make sure that only one bot instance is running
	at org.telegram.telegrambots.meta.api.methods.updates.GetUpdates.deserializeResponse(GetUpdates.java:119)
	at org.telegram.telegrambots.updatesreceivers.DefaultBotSession$ReaderThread.getUpdatesFromServer(DefaultBotSession.java:256)
	at org.telegram.telegrambots.updatesreceivers.DefaultBotSession$ReaderThread.run(DefaultBotSession.java:185)
[8_3_2021_9:48:41] {SEVERE} BOTSESSION - org.telegram.telegrambots.meta.exceptions.TelegramApiRequestException: Error getting updates: [409] Conflict: terminated by other getUpdates request; make sure that only one bot instance is running
	at org.telegram.telegrambots.meta.api.methods.updates.GetUpdates.deserializeResponse(GetUpdates.java:119)
	at org.telegram.telegrambots.updatesreceivers.DefaultBotSession$ReaderThread.getUpdatesFromServer(DefaultBotSession.java:256)
	at org.telegram.telegrambots.updatesreceivers.DefaultBotSession$ReaderThread.run(DefaultBotSession.java:185)
[8_3_2021_9:48:45] {SEVERE} BOTSESSION - org.telegram.telegrambots.meta.exceptions.TelegramApiRequestException: Error getting updates: [409] Conflict: terminated by other getUpdates request; make sure that only one bot instance is running
	at org.telegram.telegrambots.meta.api.methods.updates.GetUpdates.deserializeResponse(GetUpdates.java:119)
	at org.telegram.telegrambots.updatesreceivers.DefaultBotSession$ReaderThread.getUpdatesFromServer(DefaultBotSession.java:256)
	at org.telegram.telegrambots.updatesreceivers.DefaultBotSession$ReaderThread.run(DefaultBotSession.java:185)
[8_3_2021_9:48:50] {SEVERE} BOTSESSION - org.telegram.telegrambots.meta.exceptions.TelegramApiRequestException: Error getting updates: [409] Conflict: terminated by other getUpdates request; make sure that only one bot instance is running
	at org.telegram.telegrambots.meta.api.methods.updates.GetUpdates.deserializeResponse(GetUpdates.java:119)
	at org.telegram.telegrambots.updatesreceivers.DefaultBotSession$ReaderThread.getUpdatesFromServer(DefaultBotSession.java:256)
	at org.telegram.telegrambots.updatesreceivers.DefaultBotSession$ReaderThread.run(DefaultBotSession.java:185)
[8_3_2021_9:48:54] {SEVERE} BOTSESSION - org.telegram.telegrambots.meta.exceptions.TelegramApiRequestException: Error getting updates: [409] Conflict: terminated by other getUpdates request; make sure that only one bot instance is running
	at org.telegram.telegrambots.meta.api.methods.updates.GetUpdates.deserializeResponse(GetUpdates.java:119)
	at org.telegram.telegrambots.updatesreceivers.DefaultBotSession$ReaderThread.getUpdatesFromServer(DefaultBotSession.java:256)
	at org.telegram.telegrambots.updatesreceivers.DefaultBotSession$ReaderThread.run(DefaultBotSession.java:185)
[8_3_2021_9:48:58] {SEVERE} BOTSESSION - org.telegram.telegrambots.meta.exceptions.TelegramApiRequestException: Error getting updates: [409] Conflict: terminated by other getUpdates request; make sure that only one bot instance is running
	at org.telegram.telegrambots.meta.api.methods.updates.GetUpdates.deserializeResponse(GetUpdates.java:119)
	at org.telegram.telegrambots.updatesreceivers.DefaultBotSession$ReaderThread.getUpdatesFromServer(DefaultBotSession.java:256)
	at org.telegram.telegrambots.updatesreceivers.DefaultBotSession$ReaderThread.run(DefaultBotSession.java:185)
[8_3_2021_9:49:2] {SEVERE} BOTSESSION - org.telegram.telegrambots.meta.exceptions.TelegramApiRequestException: Error getting updates: [409] Conflict: terminated by other getUpdates request; make sure that only one bot instance is running
	at org.telegram.telegrambots.meta.api.methods.updates.GetUpdates.deserializeResponse(GetUpdates.java:119)
	at org.telegram.telegrambots.updatesreceivers.DefaultBotSession$ReaderThread.getUpdatesFromServer(DefaultBotSession.java:256)
	at org.telegram.telegrambots.updatesreceivers.DefaultBotSession$ReaderThread.run(DefaultBotSession.java:185)
[8_3_2021_9:49:7] {SEVERE} BOTSESSION - org.telegram.telegrambots.meta.exceptions.TelegramApiRequestException: Error getting updates: [409] Conflict: terminated by other getUpdates request; make sure that only one bot instance is running
	at org.telegram.telegrambots.meta.api.methods.updates.GetUpdates.deserializeResponse(GetUpdates.java:119)
	at org.telegram.telegrambots.updatesreceivers.DefaultBotSession$ReaderThread.getUpdatesFromServer(DefaultBotSession.java:256)
	at org.telegram.telegrambots.updatesreceivers.DefaultBotSession$ReaderThread.run(DefaultBotSession.java:185)
[8_3_2021_9:49:11] {SEVERE} BOTSESSION - org.telegram.telegrambots.meta.exceptions.TelegramApiRequestException: Error getting updates: [409] Conflict: terminated by other getUpdates request; make sure that only one bot instance is running
	at org.telegram.telegrambots.meta.api.methods.updates.GetUpdates.deserializeResponse(GetUpdates.java:119)
	at org.telegram.telegrambots.updatesreceivers.DefaultBotSession$ReaderThread.getUpdatesFromServer(DefaultBotSession.java:256)
	at org.telegram.telegrambots.updatesreceivers.DefaultBotSession$ReaderThread.run(DefaultBotSession.java:185)
[8_3_2021_9:49:15] {SEVERE} BOTSESSION - org.telegram.telegrambots.meta.exceptions.TelegramApiRequestException: Error getting updates: [409] Conflict: terminated by other getUpdates request; make sure that only one bot instance is running
	at org.telegram.telegrambots.meta.api.methods.updates.GetUpdates.deserializeResponse(GetUpdates.java:119)
	at org.telegram.telegrambots.updatesreceivers.DefaultBotSession$ReaderThread.getUpdatesFromServer(DefaultBotSession.java:256)
	at org.telegram.telegrambots.updatesreceivers.DefaultBotSession$ReaderThread.run(DefaultBotSession.java:185)
[8_3_2021_9:49:19] {SEVERE} BOTSESSION - org.telegram.telegrambots.meta.exceptions.TelegramApiRequestException: Error getting updates: [409] Conflict: terminated by other getUpdates request; make sure that only one bot instance is running
	at org.telegram.telegrambots.meta.api.methods.updates.GetUpdates.deserializeResponse(GetUpdates.java:119)
	at org.telegram.telegrambots.updatesreceivers.DefaultBotSession$ReaderThread.getUpdatesFromServer(DefaultBotSession.java:256)
	at org.telegram.telegrambots.updatesreceivers.DefaultBotSession$ReaderThread.run(DefaultBotSession.java:185)
[8_3_2021_9:49:23] {SEVERE} BOTSESSION - org.telegram.telegrambots.meta.exceptions.TelegramApiRequestException: Error getting updates: [409] Conflict: terminated by other getUpdates request; make sure that only one bot instance is running
	at org.telegram.telegrambots.meta.api.methods.updates.GetUpdates.deserializeResponse(GetUpdates.java:119)
	at org.telegram.telegrambots.updatesreceivers.DefaultBotSession$ReaderThread.getUpdatesFromServer(DefaultBotSession.java:256)
	at org.telegram.telegrambots.updatesreceivers.DefaultBotSession$ReaderThread.run(DefaultBotSession.java:185)
[8_3_2021_9:49:28] {SEVERE} BOTSESSION - org.telegram.telegrambots.meta.exceptions.TelegramApiRequestException: Error getting updates: [409] Conflict: terminated by other getUpdates request; make sure that only one bot instance is running
	at org.telegram.telegrambots.meta.api.methods.updates.GetUpdates.deserializeResponse(GetUpdates.java:119)
	at org.telegram.telegrambots.updatesreceivers.DefaultBotSession$ReaderThread.getUpdatesFromServer(DefaultBotSession.java:256)
	at org.telegram.telegrambots.updatesreceivers.DefaultBotSession$ReaderThread.run(DefaultBotSession.java:185)
[8_3_2021_9:49:32] {SEVERE} BOTSESSION - org.telegram.telegrambots.meta.exceptions.TelegramApiRequestException: Error getting updates: [409] Conflict: terminated by other getUpdates request; make sure that only one bot instance is running
	at org.telegram.telegrambots.meta.api.methods.updates.GetUpdates.deserializeResponse(GetUpdates.java:119)
	at org.telegram.telegrambots.updatesreceivers.DefaultBotSession$ReaderThread.getUpdatesFromServer(DefaultBotSession.java:256)
	at org.telegram.telegrambots.updatesreceivers.DefaultBotSession$ReaderThread.run(DefaultBotSession.java:185)
[8_3_2021_9:49:36] {SEVERE} BOTSESSION - org.telegram.telegrambots.meta.exceptions.TelegramApiRequestException: Error getting updates: [409] Conflict: terminated by other getUpdates request; make sure that only one bot instance is running
	at org.telegram.telegrambots.meta.api.methods.updates.GetUpdates.deserializeResponse(GetUpdates.java:119)
	at org.telegram.telegrambots.updatesreceivers.DefaultBotSession$ReaderThread.getUpdatesFromServer(DefaultBotSession.java:256)
	at org.telegram.telegrambots.updatesreceivers.DefaultBotSession$ReaderThread.run(DefaultBotSession.java:185)
[8_3_2021_9:49:40] {SEVERE} BOTSESSION - org.telegram.telegrambots.meta.exceptions.TelegramApiRequestException: Error getting updates: [409] Conflict: terminated by other getUpdates request; make sure that only one bot instance is running
	at org.telegram.telegrambots.meta.api.methods.updates.GetUpdates.deserializeResponse(GetUpdates.java:119)
	at org.telegram.telegrambots.updatesreceivers.DefaultBotSession$ReaderThread.getUpdatesFromServer(DefaultBotSession.java:256)
	at org.telegram.telegrambots.updatesreceivers.DefaultBotSession$ReaderThread.run(DefaultBotSession.java:185)
[8_3_2021_9:49:44] {SEVERE} BOTSESSION - org.telegram.telegrambots.meta.exceptions.TelegramApiRequestException: Error getting updates: [409] Conflict: terminated by other getUpdates request; make sure that only one bot instance is running
	at org.telegram.telegrambots.meta.api.methods.updates.GetUpdates.deserializeResponse(GetUpdates.java:119)
	at org.telegram.telegrambots.updatesreceivers.DefaultBotSession$ReaderThread.getUpdatesFromServer(DefaultBotSession.java:256)
	at org.telegram.telegrambots.updatesreceivers.DefaultBotSession$ReaderThread.run(DefaultBotSession.java:185)
[8_3_2021_9:49:49] {SEVERE} BOTSESSION - org.telegram.telegrambots.meta.exceptions.TelegramApiRequestException: Error getting updates: [409] Conflict: terminated by other getUpdates request; make sure that only one bot instance is running
	at org.telegram.telegrambots.meta.api.methods.updates.GetUpdates.deserializeResponse(GetUpdates.java:119)
	at org.telegram.telegrambots.updatesreceivers.DefaultBotSession$ReaderThread.getUpdatesFromServer(DefaultBotSession.java:256)
	at org.telegram.telegrambots.updatesreceivers.DefaultBotSession$ReaderThread.run(DefaultBotSession.java:185)
[8_3_2021_9:49:53] {SEVERE} BOTSESSION - org.telegram.telegrambots.meta.exceptions.TelegramApiRequestException: Error getting updates: [409] Conflict: terminated by other getUpdates request; make sure that only one bot instance is running
	at org.telegram.telegrambots.meta.api.methods.updates.GetUpdates.deserializeResponse(GetUpdates.java:119)
	at org.telegram.telegrambots.updatesreceivers.DefaultBotSession$ReaderThread.getUpdatesFromServer(DefaultBotSession.java:256)
	at org.telegram.telegrambots.updatesreceivers.DefaultBotSession$ReaderThread.run(DefaultBotSession.java:185)
[8_3_2021_9:49:57] {SEVERE} BOTSESSION - org.telegram.telegrambots.meta.exceptions.TelegramApiRequestException: Error getting updates: [409] Conflict: terminated by other getUpdates request; make sure that only one bot instance is running
	at org.telegram.telegrambots.meta.api.methods.updates.GetUpdates.deserializeResponse(GetUpdates.java:119)
	at org.telegram.telegrambots.updatesreceivers.DefaultBotSession$ReaderThread.getUpdatesFromServer(DefaultBotSession.java:256)
	at org.telegram.telegrambots.updatesreceivers.DefaultBotSession$ReaderThread.run(DefaultBotSession.java:185)
[8_3_2021_9:50:2] {SEVERE} BOTSESSION - org.telegram.telegrambots.meta.exceptions.TelegramApiRequestException: Error getting updates: [409] Conflict: terminated by other getUpdates request; make sure that only one bot instance is running
	at org.telegram.telegrambots.meta.api.methods.updates.GetUpdates.deserializeResponse(GetUpdates.java:119)
	at org.telegram.telegrambots.updatesreceivers.DefaultBotSession$ReaderThread.getUpdatesFromServer(DefaultBotSession.java:256)
	at org.telegram.telegrambots.updatesreceivers.DefaultBotSession$ReaderThread.run(DefaultBotSession.java:185)
[8_3_2021_9:50:8] {SEVERE} BOTSESSION - org.telegram.telegrambots.meta.exceptions.TelegramApiRequestException: Error getting updates: [409] Conflict: terminated by other getUpdates request; make sure that only one bot instance is running
	at org.telegram.telegrambots.meta.api.methods.updates.GetUpdates.deserializeResponse(GetUpdates.java:119)
	at org.telegram.telegrambots.updatesreceivers.DefaultBotSession$ReaderThread.getUpdatesFromServer(DefaultBotSession.java:256)
	at org.telegram.telegrambots.updatesreceivers.DefaultBotSession$ReaderThread.run(DefaultBotSession.java:185)
[8_3_2021_9:50:12] {SEVERE} BOTSESSION - org.telegram.telegrambots.meta.exceptions.TelegramApiRequestException: Error getting updates: [409] Conflict: terminated by other getUpdates request; make sure that only one bot instance is running
	at org.telegram.telegrambots.meta.api.methods.updates.GetUpdates.deserializeResponse(GetUpdates.java:119)
	at org.telegram.telegrambots.updatesreceivers.DefaultBotSession$ReaderThread.getUpdatesFromServer(DefaultBotSession.java:256)
	at org.telegram.telegrambots.updatesreceivers.DefaultBotSession$ReaderThread.run(DefaultBotSession.java:185)
[8_3_2021_9:50:17] {SEVERE} BOTSESSION - org.telegram.telegrambots.meta.exceptions.TelegramApiRequestException: Error getting updates: [409] Conflict: terminated by other getUpdates request; make sure that only one bot instance is running
	at org.telegram.telegrambots.meta.api.methods.updates.GetUpdates.deserializeResponse(GetUpdates.java:119)
	at org.telegram.telegrambots.updatesreceivers.DefaultBotSession$ReaderThread.getUpdatesFromServer(DefaultBotSession.java:256)
	at org.telegram.telegrambots.updatesreceivers.DefaultBotSession$ReaderThread.run(DefaultBotSession.java:185)
[8_3_2021_9:50:21] {SEVERE} BOTSESSION - org.telegram.telegrambots.meta.exceptions.TelegramApiRequestException: Error getting updates: [409] Conflict: terminated by other getUpdates request; make sure that only one bot instance is running
	at org.telegram.telegrambots.meta.api.methods.updates.GetUpdates.deserializeResponse(GetUpdates.java:119)
	at org.telegram.telegrambots.updatesreceivers.DefaultBotSession$ReaderThread.getUpdatesFromServer(DefaultBotSession.java:256)
	at org.telegram.telegrambots.updatesreceivers.DefaultBotSession$ReaderThread.run(DefaultBotSession.java:185)
[8_3_2021_9:50:25] {SEVERE} BOTSESSION - org.telegram.telegrambots.meta.exceptions.TelegramApiRequestException: Error getting updates: [409] Conflict: terminated by other getUpdates request; make sure that only one bot instance is running
	at org.telegram.telegrambots.meta.api.methods.updates.GetUpdates.deserializeResponse(GetUpdates.java:119)
	at org.telegram.telegrambots.updatesreceivers.DefaultBotSession$ReaderThread.getUpdatesFromServer(DefaultBotSession.java:256)
	at org.telegram.telegrambots.updatesreceivers.DefaultBotSession$ReaderThread.run(DefaultBotSession.java:185)
[8_3_2021_9:50:29] {SEVERE} BOTSESSION - org.telegram.telegrambots.meta.exceptions.TelegramApiRequestException: Error getting updates: [409] Conflict: terminated by other getUpdates request; make sure that only one bot instance is running
	at org.telegram.telegrambots.meta.api.methods.updates.GetUpdates.deserializeResponse(GetUpdates.java:119)
	at org.telegram.telegrambots.updatesreceivers.DefaultBotSession$ReaderThread.getUpdatesFromServer(DefaultBotSession.java:256)
	at org.telegram.telegrambots.updatesreceivers.DefaultBotSession$ReaderThread.run(DefaultBotSession.java:185)
[8_3_2021_9:50:33] {SEVERE} BOTSESSION - org.telegram.telegrambots.meta.exceptions.TelegramApiRequestException: Error getting updates: [409] Conflict: terminated by other getUpdates request; make sure that only one bot instance is running
	at org.telegram.telegrambots.meta.api.methods.updates.GetUpdates.deserializeResponse(GetUpdates.java:119)
	at org.telegram.telegrambots.updatesreceivers.DefaultBotSession$ReaderThread.getUpdatesFromServer(DefaultBotSession.java:256)
	at org.telegram.telegrambots.updatesreceivers.DefaultBotSession$ReaderThread.run(DefaultBotSession.java:185)
[8_3_2021_9:50:37] {SEVERE} BOTSESSION - org.telegram.telegrambots.meta.exceptions.TelegramApiRequestException: Error getting updates: [409] Conflict: terminated by other getUpdates request; make sure that only one bot instance is running
	at org.telegram.telegrambots.meta.api.methods.updates.GetUpdates.deserializeResponse(GetUpdates.java:119)
	at org.telegram.telegrambots.updatesreceivers.DefaultBotSession$ReaderThread.getUpdatesFromServer(DefaultBotSession.java:256)
	at org.telegram.telegrambots.updatesreceivers.DefaultBotSession$ReaderThread.run(DefaultBotSession.java:185)
[8_3_2021_9:50:42] {SEVERE} BOTSESSION - org.telegram.telegrambots.meta.exceptions.TelegramApiRequestException: Error getting updates: [409] Conflict: terminated by other getUpdates request; make sure that only one bot instance is running
	at org.telegram.telegrambots.meta.api.methods.updates.GetUpdates.deserializeResponse(GetUpdates.java:119)
	at org.telegram.telegrambots.updatesreceivers.DefaultBotSession$ReaderThread.getUpdatesFromServer(DefaultBotSession.java:256)
	at org.telegram.telegrambots.updatesreceivers.DefaultBotSession$ReaderThread.run(DefaultBotSession.java:185)
[8_3_2021_9:50:46] {SEVERE} BOTSESSION - org.telegram.telegrambots.meta.exceptions.TelegramApiRequestException: Error getting updates: [409] Conflict: terminated by other getUpdates request; make sure that only one bot instance is running
	at org.telegram.telegrambots.meta.api.methods.updates.GetUpdates.deserializeResponse(GetUpdates.java:119)
	at org.telegram.telegrambots.updatesreceivers.DefaultBotSession$ReaderThread.getUpdatesFromServer(DefaultBotSession.java:256)
	at org.telegram.telegrambots.updatesreceivers.DefaultBotSession$ReaderThread.run(DefaultBotSession.java:185)
[8_3_2021_9:50:50] {SEVERE} BOTSESSION - org.telegram.telegrambots.meta.exceptions.TelegramApiRequestException: Error getting updates: [409] Conflict: terminated by other getUpdates request; make sure that only one bot instance is running
	at org.telegram.telegrambots.meta.api.methods.updates.GetUpdates.deserializeResponse(GetUpdates.java:119)
	at org.telegram.telegrambots.updatesreceivers.DefaultBotSession$ReaderThread.getUpdatesFromServer(DefaultBotSession.java:256)
	at org.telegram.telegrambots.updatesreceivers.DefaultBotSession$ReaderThread.run(DefaultBotSession.java:185)
[8_3_2021_9:50:54] {SEVERE} BOTSESSION - org.telegram.telegrambots.meta.exceptions.TelegramApiRequestException: Error getting updates: [409] Conflict: terminated by other getUpdates request; make sure that only one bot instance is running
	at org.telegram.telegrambots.meta.api.methods.updates.GetUpdates.deserializeResponse(GetUpdates.java:119)
	at org.telegram.telegrambots.updatesreceivers.DefaultBotSession$ReaderThread.getUpdatesFromServer(DefaultBotSession.java:256)
	at org.telegram.telegrambots.updatesreceivers.DefaultBotSession$ReaderThread.run(DefaultBotSession.java:185)
[8_3_2021_9:50:58] {SEVERE} BOTSESSION - org.telegram.telegrambots.meta.exceptions.TelegramApiRequestException: Error getting updates: [409] Conflict: terminated by other getUpdates request; make sure that only one bot instance is running
	at org.telegram.telegrambots.meta.api.methods.updates.GetUpdates.deserializeResponse(GetUpdates.java:119)
	at org.telegram.telegrambots.updatesreceivers.DefaultBotSession$ReaderThread.getUpdatesFromServer(DefaultBotSession.java:256)
	at org.telegram.telegrambots.updatesreceivers.DefaultBotSession$ReaderThread.run(DefaultBotSession.java:185)
[8_3_2021_9:51:3] {SEVERE} BOTSESSION - org.telegram.telegrambots.meta.exceptions.TelegramApiRequestException: Error getting updates: [409] Conflict: terminated by other getUpdates request; make sure that only one bot instance is running
	at org.telegram.telegrambots.meta.api.methods.updates.GetUpdates.deserializeResponse(GetUpdates.java:119)
	at org.telegram.telegrambots.updatesreceivers.DefaultBotSession$ReaderThread.getUpdatesFromServer(DefaultBotSession.java:256)
	at org.telegram.telegrambots.updatesreceivers.DefaultBotSession$ReaderThread.run(DefaultBotSession.java:185)
[8_3_2021_9:51:7] {SEVERE} BOTSESSION - org.telegram.telegrambots.meta.exceptions.TelegramApiRequestException: Error getting updates: [409] Conflict: terminated by other getUpdates request; make sure that only one bot instance is running
	at org.telegram.telegrambots.meta.api.methods.updates.GetUpdates.deserializeResponse(GetUpdates.java:119)
	at org.telegram.telegrambots.updatesreceivers.DefaultBotSession$ReaderThread.getUpdatesFromServer(DefaultBotSession.java:256)
	at org.telegram.telegrambots.updatesreceivers.DefaultBotSession$ReaderThread.run(DefaultBotSession.java:185)
[8_3_2021_9:51:11] {SEVERE} BOTSESSION - org.telegram.telegrambots.meta.exceptions.TelegramApiRequestException: Error getting updates: [409] Conflict: terminated by other getUpdates request; make sure that only one bot instance is running
	at org.telegram.telegrambots.meta.api.methods.updates.GetUpdates.deserializeResponse(GetUpdates.java:119)
	at org.telegram.telegrambots.updatesreceivers.DefaultBotSession$ReaderThread.getUpdatesFromServer(DefaultBotSession.java:256)
	at org.telegram.telegrambots.updatesreceivers.DefaultBotSession$ReaderThread.run(DefaultBotSession.java:185)
[8_3_2021_9:51:15] {SEVERE} BOTSESSION - org.telegram.telegrambots.meta.exceptions.TelegramApiRequestException: Error getting updates: [409] Conflict: terminated by other getUpdates request; make sure that only one bot instance is running
	at org.telegram.telegrambots.meta.api.methods.updates.GetUpdates.deserializeResponse(GetUpdates.java:119)
	at org.telegram.telegrambots.updatesreceivers.DefaultBotSession$ReaderThread.getUpdatesFromServer(DefaultBotSession.java:256)
	at org.telegram.telegrambots.updatesreceivers.DefaultBotSession$ReaderThread.run(DefaultBotSession.java:185)
[8_3_2021_9:51:20] {SEVERE} BOTSESSION - org.telegram.telegrambots.meta.exceptions.TelegramApiRequestException: Error getting updates: [409] Conflict: terminated by other getUpdates request; make sure that only one bot instance is running
	at org.telegram.telegrambots.meta.api.methods.updates.GetUpdates.deserializeResponse(GetUpdates.java:119)
	at org.telegram.telegrambots.updatesreceivers.DefaultBotSession$ReaderThread.getUpdatesFromServer(DefaultBotSession.java:256)
	at org.telegram.telegrambots.updatesreceivers.DefaultBotSession$ReaderThread.run(DefaultBotSession.java:185)
[8_3_2021_9:51:24] {SEVERE} BOTSESSION - org.telegram.telegrambots.meta.exceptions.TelegramApiRequestException: Error getting updates: [409] Conflict: terminated by other getUpdates request; make sure that only one bot instance is running
	at org.telegram.telegrambots.meta.api.methods.updates.GetUpdates.deserializeResponse(GetUpdates.java:119)
	at org.telegram.telegrambots.updatesreceivers.DefaultBotSession$ReaderThread.getUpdatesFromServer(DefaultBotSession.java:256)
	at org.telegram.telegrambots.updatesreceivers.DefaultBotSession$ReaderThread.run(DefaultBotSession.java:185)
[8_3_2021_9:51:28] {SEVERE} BOTSESSION - org.telegram.telegrambots.meta.exceptions.TelegramApiRequestException: Error getting updates: [409] Conflict: terminated by other getUpdates request; make sure that only one bot instance is running
	at org.telegram.telegrambots.meta.api.methods.updates.GetUpdates.deserializeResponse(GetUpdates.java:119)
	at org.telegram.telegrambots.updatesreceivers.DefaultBotSession$ReaderThread.getUpdatesFromServer(DefaultBotSession.java:256)
	at org.telegram.telegrambots.updatesreceivers.DefaultBotSession$ReaderThread.run(DefaultBotSession.java:185)
[8_3_2021_9:51:32] {SEVERE} BOTSESSION - org.telegram.telegrambots.meta.exceptions.TelegramApiRequestException: Error getting updates: [409] Conflict: terminated by other getUpdates request; make sure that only one bot instance is running
	at org.telegram.telegrambots.meta.api.methods.updates.GetUpdates.deserializeResponse(GetUpdates.java:119)
	at org.telegram.telegrambots.updatesreceivers.DefaultBotSession$ReaderThread.getUpdatesFromServer(DefaultBotSession.java:256)
	at org.telegram.telegrambots.updatesreceivers.DefaultBotSession$ReaderThread.run(DefaultBotSession.java:185)
[8_3_2021_9:51:37] {SEVERE} BOTSESSION - org.telegram.telegrambots.meta.exceptions.TelegramApiRequestException: Error getting updates: [409] Conflict: terminated by other getUpdates request; make sure that only one bot instance is running
	at org.telegram.telegrambots.meta.api.methods.updates.GetUpdates.deserializeResponse(GetUpdates.java:119)
	at org.telegram.telegrambots.updatesreceivers.DefaultBotSession$ReaderThread.getUpdatesFromServer(DefaultBotSession.java:256)
	at org.telegram.telegrambots.updatesreceivers.DefaultBotSession$ReaderThread.run(DefaultBotSession.java:185)
[8_3_2021_9:51:41] {SEVERE} BOTSESSION - org.telegram.telegrambots.meta.exceptions.TelegramApiRequestException: Error getting updates: [409] Conflict: terminated by other getUpdates request; make sure that only one bot instance is running
	at org.telegram.telegrambots.meta.api.methods.updates.GetUpdates.deserializeResponse(GetUpdates.java:119)
	at org.telegram.telegrambots.updatesreceivers.DefaultBotSession$ReaderThread.getUpdatesFromServer(DefaultBotSession.java:256)
	at org.telegram.telegrambots.updatesreceivers.DefaultBotSession$ReaderThread.run(DefaultBotSession.java:185)
[8_3_2021_9:51:45] {SEVERE} BOTSESSION - org.telegram.telegrambots.meta.exceptions.TelegramApiRequestException: Error getting updates: [409] Conflict: terminated by other getUpdates request; make sure that only one bot instance is running
	at org.telegram.telegrambots.meta.api.methods.updates.GetUpdates.deserializeResponse(GetUpdates.java:119)
	at org.telegram.telegrambots.updatesreceivers.DefaultBotSession$ReaderThread.getUpdatesFromServer(DefaultBotSession.java:256)
	at org.telegram.telegrambots.updatesreceivers.DefaultBotSession$ReaderThread.run(DefaultBotSession.java:185)
[8_3_2021_9:51:49] {SEVERE} BOTSESSION - org.telegram.telegrambots.meta.exceptions.TelegramApiRequestException: Error getting updates: [409] Conflict: terminated by other getUpdates request; make sure that only one bot instance is running
	at org.telegram.telegrambots.meta.api.methods.updates.GetUpdates.deserializeResponse(GetUpdates.java:119)
	at org.telegram.telegrambots.updatesreceivers.DefaultBotSession$ReaderThread.getUpdatesFromServer(DefaultBotSession.java:256)
	at org.telegram.telegrambots.updatesreceivers.DefaultBotSession$ReaderThread.run(DefaultBotSession.java:185)
[8_3_2021_9:51:54] {SEVERE} BOTSESSION - org.telegram.telegrambots.meta.exceptions.TelegramApiRequestException: Error getting updates: [409] Conflict: terminated by other getUpdates request; make sure that only one bot instance is running
	at org.telegram.telegrambots.meta.api.methods.updates.GetUpdates.deserializeResponse(GetUpdates.java:119)
	at org.telegram.telegrambots.updatesreceivers.DefaultBotSession$ReaderThread.getUpdatesFromServer(DefaultBotSession.java:256)
	at org.telegram.telegrambots.updatesreceivers.DefaultBotSession$ReaderThread.run(DefaultBotSession.java:185)
[8_3_2021_9:51:58] {SEVERE} BOTSESSION - org.telegram.telegrambots.meta.exceptions.TelegramApiRequestException: Error getting updates: [409] Conflict: terminated by other getUpdates request; make sure that only one bot instance is running
	at org.telegram.telegrambots.meta.api.methods.updates.GetUpdates.deserializeResponse(GetUpdates.java:119)
	at org.telegram.telegrambots.updatesreceivers.DefaultBotSession$ReaderThread.getUpdatesFromServer(DefaultBotSession.java:256)
	at org.telegram.telegrambots.updatesreceivers.DefaultBotSession$ReaderThread.run(DefaultBotSession.java:185)
[8_3_2021_9:52:2] {SEVERE} BOTSESSION - org.telegram.telegrambots.meta.exceptions.TelegramApiRequestException: Error getting updates: [409] Conflict: terminated by other getUpdates request; make sure that only one bot instance is running
	at org.telegram.telegrambots.meta.api.methods.updates.GetUpdates.deserializeResponse(GetUpdates.java:119)
	at org.telegram.telegrambots.updatesreceivers.DefaultBotSession$ReaderThread.getUpdatesFromServer(DefaultBotSession.java:256)
	at org.telegram.telegrambots.updatesreceivers.DefaultBotSession$ReaderThread.run(DefaultBotSession.java:185)
[8_3_2021_9:52:6] {SEVERE} BOTSESSION - org.telegram.telegrambots.meta.exceptions.TelegramApiRequestException: Error getting updates: [409] Conflict: terminated by other getUpdates request; make sure that only one bot instance is running
	at org.telegram.telegrambots.meta.api.methods.updates.GetUpdates.deserializeResponse(GetUpdates.java:119)
	at org.telegram.telegrambots.updatesreceivers.DefaultBotSession$ReaderThread.getUpdatesFromServer(DefaultBotSession.java:256)
	at org.telegram.telegrambots.updatesreceivers.DefaultBotSession$ReaderThread.run(DefaultBotSession.java:185)
[8_3_2021_9:52:10] {SEVERE} BOTSESSION - org.telegram.telegrambots.meta.exceptions.TelegramApiRequestException: Error getting updates: [409] Conflict: terminated by other getUpdates request; make sure that only one bot instance is running
	at org.telegram.telegrambots.meta.api.methods.updates.GetUpdates.deserializeResponse(GetUpdates.java:119)
	at org.telegram.telegrambots.updatesreceivers.DefaultBotSession$ReaderThread.getUpdatesFromServer(DefaultBotSession.java:256)
	at org.telegram.telegrambots.updatesreceivers.DefaultBotSession$ReaderThread.run(DefaultBotSession.java:185)
[8_3_2021_9:52:15] {SEVERE} BOTSESSION - org.telegram.telegrambots.meta.exceptions.TelegramApiRequestException: Error getting updates: [409] Conflict: terminated by other getUpdates request; make sure that only one bot instance is running
	at org.telegram.telegrambots.meta.api.methods.updates.GetUpdates.deserializeResponse(GetUpdates.java:119)
	at org.telegram.telegrambots.updatesreceivers.DefaultBotSession$ReaderThread.getUpdatesFromServer(DefaultBotSession.java:256)
	at org.telegram.telegrambots.updatesreceivers.DefaultBotSession$ReaderThread.run(DefaultBotSession.java:185)
[8_3_2021_9:52:19] {SEVERE} BOTSESSION - org.telegram.telegrambots.meta.exceptions.TelegramApiRequestException: Error getting updates: [409] Conflict: terminated by other getUpdates request; make sure that only one bot instance is running
	at org.telegram.telegrambots.meta.api.methods.updates.GetUpdates.deserializeResponse(GetUpdates.java:119)
	at org.telegram.telegrambots.updatesreceivers.DefaultBotSession$ReaderThread.getUpdatesFromServer(DefaultBotSession.java:256)
	at org.telegram.telegrambots.updatesreceivers.DefaultBotSession$ReaderThread.run(DefaultBotSession.java:185)
[8_3_2021_9:52:23] {SEVERE} BOTSESSION - org.telegram.telegrambots.meta.exceptions.TelegramApiRequestException: Error getting updates: [409] Conflict: terminated by other getUpdates request; make sure that only one bot instance is running
	at org.telegram.telegrambots.meta.api.methods.updates.GetUpdates.deserializeResponse(GetUpdates.java:119)
	at org.telegram.telegrambots.updatesreceivers.DefaultBotSession$ReaderThread.getUpdatesFromServer(DefaultBotSession.java:256)
	at org.telegram.telegrambots.updatesreceivers.DefaultBotSession$ReaderThread.run(DefaultBotSession.java:185)
[8_3_2021_9:52:27] {SEVERE} BOTSESSION - org.telegram.telegrambots.meta.exceptions.TelegramApiRequestException: Error getting updates: [409] Conflict: terminated by other getUpdates request; make sure that only one bot instance is running
	at org.telegram.telegrambots.meta.api.methods.updates.GetUpdates.deserializeResponse(GetUpdates.java:119)
	at org.telegram.telegrambots.updatesreceivers.DefaultBotSession$ReaderThread.getUpdatesFromServer(DefaultBotSession.java:256)
	at org.telegram.telegrambots.updatesreceivers.DefaultBotSession$ReaderThread.run(DefaultBotSession.java:185)
[8_3_2021_9:52:32] {SEVERE} BOTSESSION - org.telegram.telegrambots.meta.exceptions.TelegramApiRequestException: Error getting updates: [409] Conflict: terminated by other getUpdates request; make sure that only one bot instance is running
	at org.telegram.telegrambots.meta.api.methods.updates.GetUpdates.deserializeResponse(GetUpdates.java:119)
	at org.telegram.telegrambots.updatesreceivers.DefaultBotSession$ReaderThread.getUpdatesFromServer(DefaultBotSession.java:256)
	at org.telegram.telegrambots.updatesreceivers.DefaultBotSession$ReaderThread.run(DefaultBotSession.java:185)
[8_3_2021_9:52:37] {SEVERE} BOTSESSION - org.telegram.telegrambots.meta.exceptions.TelegramApiRequestException: Error getting updates: [409] Conflict: terminated by other getUpdates request; make sure that only one bot instance is running
	at org.telegram.telegrambots.meta.api.methods.updates.GetUpdates.deserializeResponse(GetUpdates.java:119)
	at org.telegram.telegrambots.updatesreceivers.DefaultBotSession$ReaderThread.getUpdatesFromServer(DefaultBotSession.java:256)
	at org.telegram.telegrambots.updatesreceivers.DefaultBotSession$ReaderThread.run(DefaultBotSession.java:185)
[8_3_2021_9:52:41] {SEVERE} BOTSESSION - org.telegram.telegrambots.meta.exceptions.TelegramApiRequestException: Error getting updates: [409] Conflict: terminated by other getUpdates request; make sure that only one bot instance is running
	at org.telegram.telegrambots.meta.api.methods.updates.GetUpdates.deserializeResponse(GetUpdates.java:119)
	at org.telegram.telegrambots.updatesreceivers.DefaultBotSession$ReaderThread.getUpdatesFromServer(DefaultBotSession.java:256)
	at org.telegram.telegrambots.updatesreceivers.DefaultBotSession$ReaderThread.run(DefaultBotSession.java:185)
[8_3_2021_9:52:45] {SEVERE} BOTSESSION - org.telegram.telegrambots.meta.exceptions.TelegramApiRequestException: Error getting updates: [409] Conflict: terminated by other getUpdates request; make sure that only one bot instance is running
	at org.telegram.telegrambots.meta.api.methods.updates.GetUpdates.deserializeResponse(GetUpdates.java:119)
	at org.telegram.telegrambots.updatesreceivers.DefaultBotSession$ReaderThread.getUpdatesFromServer(DefaultBotSession.java:256)
	at org.telegram.telegrambots.updatesreceivers.DefaultBotSession$ReaderThread.run(DefaultBotSession.java:185)
[8_3_2021_9:52:50] {SEVERE} BOTSESSION - org.telegram.telegrambots.meta.exceptions.TelegramApiRequestException: Error getting updates: [409] Conflict: terminated by other getUpdates request; make sure that only one bot instance is running
	at org.telegram.telegrambots.meta.api.methods.updates.GetUpdates.deserializeResponse(GetUpdates.java:119)
	at org.telegram.telegrambots.updatesreceivers.DefaultBotSession$ReaderThread.getUpdatesFromServer(DefaultBotSession.java:256)
	at org.telegram.telegrambots.updatesreceivers.DefaultBotSession$ReaderThread.run(DefaultBotSession.java:185)
[8_3_2021_9:52:54] {SEVERE} BOTSESSION - org.telegram.telegrambots.meta.exceptions.TelegramApiRequestException: Error getting updates: [409] Conflict: terminated by other getUpdates request; make sure that only one bot instance is running
	at org.telegram.telegrambots.meta.api.methods.updates.GetUpdates.deserializeResponse(GetUpdates.java:119)
	at org.telegram.telegrambots.updatesreceivers.DefaultBotSession$ReaderThread.getUpdatesFromServer(DefaultBotSession.java:256)
	at org.telegram.telegrambots.updatesreceivers.DefaultBotSession$ReaderThread.run(DefaultBotSession.java:185)
[8_3_2021_9:52:58] {SEVERE} BOTSESSION - org.telegram.telegrambots.meta.exceptions.TelegramApiRequestException: Error getting updates: [409] Conflict: terminated by other getUpdates request; make sure that only one bot instance is running
	at org.telegram.telegrambots.meta.api.methods.updates.GetUpdates.deserializeResponse(GetUpdates.java:119)
	at org.telegram.telegrambots.updatesreceivers.DefaultBotSession$ReaderThread.getUpdatesFromServer(DefaultBotSession.java:256)
	at org.telegram.telegrambots.updatesreceivers.DefaultBotSession$ReaderThread.run(DefaultBotSession.java:185)
[8_3_2021_9:53:2] {SEVERE} BOTSESSION - org.telegram.telegrambots.meta.exceptions.TelegramApiRequestException: Error getting updates: [409] Conflict: terminated by other getUpdates request; make sure that only one bot instance is running
	at org.telegram.telegrambots.meta.api.methods.updates.GetUpdates.deserializeResponse(GetUpdates.java:119)
	at org.telegram.telegrambots.updatesreceivers.DefaultBotSession$ReaderThread.getUpdatesFromServer(DefaultBotSession.java:256)
	at org.telegram.telegrambots.updatesreceivers.DefaultBotSession$ReaderThread.run(DefaultBotSession.java:185)
[8_3_2021_9:53:6] {SEVERE} BOTSESSION - org.telegram.telegrambots.meta.exceptions.TelegramApiRequestException: Error getting updates: [409] Conflict: terminated by other getUpdates request; make sure that only one bot instance is running
	at org.telegram.telegrambots.meta.api.methods.updates.GetUpdates.deserializeResponse(GetUpdates.java:119)
	at org.telegram.telegrambots.updatesreceivers.DefaultBotSession$ReaderThread.getUpdatesFromServer(DefaultBotSession.java:256)
	at org.telegram.telegrambots.updatesreceivers.DefaultBotSession$ReaderThread.run(DefaultBotSession.java:185)
[8_3_2021_9:53:9] {SEVERE} BOTSESSION - org.telegram.telegrambots.meta.exceptions.TelegramApiRequestException: Error getting updates: [409] Conflict: terminated by other getUpdates request; make sure that only one bot instance is running
	at org.telegram.telegrambots.meta.api.methods.updates.GetUpdates.deserializeResponse(GetUpdates.java:119)
	at org.telegram.telegrambots.updatesreceivers.DefaultBotSession$ReaderThread.getUpdatesFromServer(DefaultBotSession.java:256)
	at org.telegram.telegrambots.updatesreceivers.DefaultBotSession$ReaderThread.run(DefaultBotSession.java:185)
[8_3_2021_9:53:13] {SEVERE} BOTSESSION - org.telegram.telegrambots.meta.exceptions.TelegramApiRequestException: Error getting updates: [409] Conflict: terminated by other getUpdates request; make sure that only one bot instance is running
	at org.telegram.telegrambots.meta.api.methods.updates.GetUpdates.deserializeResponse(GetUpdates.java:119)
	at org.telegram.telegrambots.updatesreceivers.DefaultBotSession$ReaderThread.getUpdatesFromServer(DefaultBotSession.java:256)
	at org.telegram.telegrambots.updatesreceivers.DefaultBotSession$ReaderThread.run(DefaultBotSession.java:185)
[8_3_2021_9:53:17] {SEVERE} BOTSESSION - org.telegram.telegrambots.meta.exceptions.TelegramApiRequestException: Error getting updates: [409] Conflict: terminated by other getUpdates request; make sure that only one bot instance is running
	at org.telegram.telegrambots.meta.api.methods.updates.GetUpdates.deserializeResponse(GetUpdates.java:119)
	at org.telegram.telegrambots.updatesreceivers.DefaultBotSession$ReaderThread.getUpdatesFromServer(DefaultBotSession.java:256)
	at org.telegram.telegrambots.updatesreceivers.DefaultBotSession$ReaderThread.run(DefaultBotSession.java:185)
[8_3_2021_9:58:2] {INFO} WEATHERSERVICE - {"city":{"country":"ES","coord":{"lon":2.159,"lat":41.3888},"sunrise":1615184089,"timezone":3600,"sunset":1615225782,"name":"Barcelona","id":3128760,"population":0},"cnt":3,"cod":"200","message":0,"list":[{"dt":1615194000,"pop":0.96,"rain":{"3h":1.2},"visibility":10000,"dt_txt":"2021-03-08 09:00:00","weather":[{"icon":"10d","description":"lluvia ligera","main":"Rain","id":500}],"main":{"temp":11.64,"temp_min":11.64,"grnd_level":1009,"temp_kf":-0.02,"humidity":80,"pressure":1015,"sea_level":1015,"feels_like":8.91,"temp_max":11.66},"clouds":{"all":69},"sys":{"pod":"d"},"wind":{"deg":38,"speed":3.34}},{"dt":1615204800,"pop":1,"rain":{"3h":1.8},"visibility":10000,"dt_txt":"2021-03-08 12:00:00","weather":[{"icon":"10d","description":"lluvia ligera","main":"Rain","id":500}],"main":{"temp":11.96,"temp_min":11.96,"grnd_level":1009,"temp_kf":-0.09,"humidity":76,"pressure":1015,"sea_level":1015,"feels_like":9.22,"temp_max":12.05},"clouds":{"all":87},"sys":{"pod":"d"},"wind":{"deg":36,"speed":3.2}},{"dt":1615215600,"pop":0.75,"rain":{"3h":0.27},"visibility":10000,"dt_txt":"2021-03-08 15:00:00","weather":[{"icon":"10d","description":"lluvia ligera","main":"Rain","id":500}],"main":{"temp":13.1,"temp_min":13.1,"grnd_level":1008,"temp_kf":-0.1,"humidity":67,"pressure":1014,"sea_level":1014,"feels_like":10.42,"temp_max":13.2},"clouds":{"all":96},"sys":{"pod":"d"},"wind":{"deg":95,"speed":2.86}}]}
[8_3_2021_9:58:2] {SEVERE} WEATHERSERVICE - org.json.JSONException: JSONObject["temp"] not found.
	at org.json.JSONObject.get(JSONObject.java:471)
	at org.json.JSONObject.getJSONObject(JSONObject.java:636)
	at org.telegram.services.WeatherService.convertInternalInformationToString(WeatherService.java:316)
	at org.telegram.services.WeatherService.convertListOfForecastToString(WeatherService.java:298)
	at org.telegram.services.WeatherService.fetchWeatherForecast(WeatherService.java:141)
	at org.telegram.updateshandlers.WeatherHandlers.onForecastWeatherCityReceived(WeatherHandlers.java:617)
	at org.telegram.updateshandlers.WeatherHandlers.onForecastWeather(WeatherHandlers.java:598)
	at org.telegram.updateshandlers.WeatherHandlers.messageOnForecastWeather(WeatherHandlers.java:575)
	at org.telegram.updateshandlers.WeatherHandlers.handleIncomingMessage(WeatherHandlers.java:162)
	at org.telegram.updateshandlers.WeatherHandlers.onUpdateReceived(WeatherHandlers.java:65)
	at java.base/java.util.ArrayList.forEach(ArrayList.java:1511)
	at org.telegram.telegrambots.meta.generics.LongPollingBot.onUpdatesReceived(LongPollingBot.java:27)
	at org.telegram.telegrambots.updatesreceivers.DefaultBotSession$HandlerThread.run(DefaultBotSession.java:305)
[8_3_2021_10:1:41] {INFO} DATABASEMANAGER - Current db version: 0
[8_3_2021_10:1:58] {WARNING} TIMEREXECUTOR - Posting new taskFirst day alert
[8_3_2021_10:1:58] {WARNING} TIMEREXECUTOR - Posting new taskSecond day alert
[8_3_2021_10:9:37] {INFO} WEATHERSERVICE - {"city":{"country":"ES","coord":{"lon":2.159,"lat":41.3888},"sunrise":1615184089,"timezone":3600,"sunset":1615225782,"name":"Barcelona","id":3128760,"population":0},"cnt":3,"cod":"200","message":0,"list":[{"dt":1615204800,"pop":1,"rain":{"3h":1.8},"visibility":10000,"dt_txt":"2021-03-08 12:00:00","weather":[{"icon":"10d","description":"light rain","main":"Rain","id":500}],"main":{"temp":11.89,"temp_min":11.89,"grnd_level":1009,"temp_kf":-0.16,"humidity":78,"pressure":1015,"sea_level":1015,"feels_like":9.23,"temp_max":12.05},"clouds":{"all":69},"sys":{"pod":"d"},"wind":{"deg":36,"speed":3.2}},{"dt":1615215600,"pop":0.75,"rain":{"3h":0.27},"visibility":10000,"dt_txt":"2021-03-08 15:00:00","weather":[{"icon":"10d","description":"light rain","main":"Rain","id":500}],"main":{"temp":12.88,"temp_min":12.88,"grnd_level":1008,"temp_kf":-0.32,"humidity":70,"pressure":1014,"sea_level":1014,"feels_like":10.3,"temp_max":13.2},"clouds":{"all":87},"sys":{"pod":"d"},"wind":{"deg":95,"speed":2.86}},{"dt":1615226400,"pop":0.67,"rain":{"3h":0.25},"visibility":10000,"dt_txt":"2021-03-08 18:00:00","weather":[{"icon":"10n","description":"light rain","main":"Rain","id":500}],"main":{"temp":12.79,"temp_min":12.79,"grnd_level":1009,"temp_kf":-0.07,"humidity":69,"pressure":1014,"sea_level":1014,"feels_like":10.46,"temp_max":12.86},"clouds":{"all":96},"sys":{"pod":"n"},"wind":{"deg":96,"speed":2.41}}]}
[8_3_2021_10:9:37] {SEVERE} WEATHERSERVICE - org.json.JSONException: JSONObject["temp"] not found.
	at org.json.JSONObject.get(JSONObject.java:471)
	at org.json.JSONObject.getJSONObject(JSONObject.java:636)
	at org.telegram.services.WeatherService.convertInternalInformationToString(WeatherService.java:316)
	at org.telegram.services.WeatherService.convertListOfForecastToString(WeatherService.java:298)
	at org.telegram.services.WeatherService.fetchWeatherForecast(WeatherService.java:141)
	at org.telegram.updateshandlers.WeatherHandlers.onForecastWeatherCityReceived(WeatherHandlers.java:617)
	at org.telegram.updateshandlers.WeatherHandlers.onForecastWeather(WeatherHandlers.java:598)
	at org.telegram.updateshandlers.WeatherHandlers.messageOnForecastWeather(WeatherHandlers.java:575)
	at org.telegram.updateshandlers.WeatherHandlers.handleIncomingMessage(WeatherHandlers.java:162)
	at org.telegram.updateshandlers.WeatherHandlers.onUpdateReceived(WeatherHandlers.java:65)
	at java.base/java.util.ArrayList.forEach(ArrayList.java:1511)
	at org.telegram.telegrambots.meta.generics.LongPollingBot.onUpdatesReceived(LongPollingBot.java:27)
	at org.telegram.telegrambots.updatesreceivers.DefaultBotSession$HandlerThread.run(DefaultBotSession.java:305)
